Sun Dec  4 12:15:22 2022 :Error: file banana.puz does not exists or is malformed. LOCATION: puzzle_choice()
Sun Dec  4 12:15:34 2022 :Error: file donkey kong.puz does not exists or is malformed. LOCATION: puzzle_choice()
Sun Dec  4 12:16:40 2022 :Error: file fish.puz does not exists or is malformed. LOCATION: puzzle_choice()
Sun Dec  4 12:33:02 2022 :Error: file banana.puz does not exists or is malformed. LOCATION: puzzle_choice()
Sun Dec  4 13:44:37 2022 :Error: file banana.puz does not exists or is malformed. LOCATION: puzzle_choice()
Sun Dec  4 13:48:15 2022 :Error: file banana.puz does not exists or is malformed. LOCATION: puzzle_choice()
Sun Dec  4 13:49:00 2022 :Error: file bees.puz does not exists or is malformed. LOCATION: puzzle_choice()
Sun Dec  4 14:03:42 2022 :Error: file banana.puz does not exists or is malformed. LOCATION: puzzle_choice()
Sun Dec  4 16:13:41 2022 :Error: Cannot find leader board. LOCATION: read_leaderboard()
Sun Dec  4 16:16:09 2022 :Error: Cannot find leader board. LOCATION: read_leaderboard()
Sun Dec  4 16:19:34 2022 :Error: Cannot find leader board. LOCATION: read_leaderboard()
Sun Dec  4 16:20:39 2022 :Error: Cannot find leader board. LOCATION: read_leaderboard()
Sun Dec  4 16:22:10 2022 :Error: Cannot find leader board. LOCATION: read_leaderboard()
Sun Dec  4 16:27:32 2022 :Error: Cannot find leader board. LOCATION: read_leaderboard()
Sun Dec  4 16:49:48 2022 :Error: Cannot find leader board. LOCATION: read_leaderboard()
Sun Dec  4 16:53:25 2022 :Error: Cannot find leader board. LOCATION: read_leaderboard()
Wed Dec  7 17:37:58 2022 :Error: file butt.puz does not exists or is malformed. LOCATION: puzzle_choice()
Thu Dec  8 10:20:11 2022 :Error: Cannot find leader board. LOCATION: read_leaderboard()
Thu Dec  8 14:41:06 2022 :Error: file banana.puz does not exists or is malformed. LOCATION: puzzle_choice()
Thu Dec  8 15:37:29 2022 :Error: file malformed_mario.puz does not exists or is malformed. LOCATION: puzzle_choice()
Fri Dec  9 14:23:16 2022 :Error: file banana.puz does not exists or is malformed. LOCATION: puzzle_choice()
Fri Dec  9 15:07:02 2022 :Error: file bees.puz does not exists or is malformed. LOCATION: puzzle_choice()
Fri Dec  9 15:26:34 2022 :Error: Cannot find leader board. LOCATION: read_leaderboard()
Fri Dec  9 15:37:17 2022 :Error: Cannot find leader board. LOCATION: read_leaderboard()
